  [1m[35m (1.5ms)[0m  [1m[35mCREATE TABLE "schema_migrations" ("version" varchar NOT NULL PRIMARY KEY)[0m
  [1m[35m (0.3ms)[0m  [1m[35mCREATE TABLE "ar_internal_metadata" ("key" varchar NOT NULL PRIMARY KEY, "value" varchar, "created_at" datetime(6) NOT NULL, "updated_at" datetime(6) NOT NULL)[0m
  [1m[36mActiveRecord::InternalMetadata Load (0.4ms)[0m  [1m[34mSELECT * FROM "ar_internal_metadata" WHERE "ar_internal_metadata"."key" = ? ORDER BY "ar_internal_metadata"."key" ASC LIMIT 1[0m  [[nil, "environment"]]
  [1m[36mActiveRecord::InternalMetadata Create (0.2ms)[0m  [1m[32mINSERT INTO "ar_internal_metadata" ("key", "value", "created_at", "updated_at") VALUES ('environment', 'development', '2024-11-15 20:59:39.638156', '2024-11-15 20:59:39.638160') RETURNING "key"[0m
  [1m[36mActiveRecord::SchemaMigration Load (0.1ms)[0m  [1m[34mSELECT "schema_migrations"."version" FROM "schema_migrations" ORDER BY "schema_migrations"."version" ASC[0m
Migrating to CreateBooks (20241115205518)
  [1m[36mTRANSACTION (0.0ms)[0m  [1m[36mbegin transaction[0m
  [1m[35m (1.1ms)[0m  [1m[35mCREATE TABLE "books" ("id" integer PRIMARY KEY AUTOINCREMENT NOT NULL, "title" varchar, "author" varchar, "publication_date" date, "rating" integer, "status" integer, "created_at" datetime(6) NOT NULL, "updated_at" datetime(6) NOT NULL)[0m
  [1m[36mActiveRecord::SchemaMigration Create (0.1ms)[0m  [1m[32mINSERT INTO "schema_migrations" ("version") VALUES ('20241115205518') RETURNING "version"[0m
  [1m[36mTRANSACTION (0.1ms)[0m  [1m[36mcommit transaction[0m
  [1m[36mActiveRecord::SchemaMigration Load (0.0ms)[0m  [1m[34mSELECT "schema_migrations"."version" FROM "schema_migrations" ORDER BY "schema_migrations"."version" ASC[0m
Started GET "/books" for ::1 at 2024-11-15 18:10:06 -0300
  [1m[36mActiveRecord::SchemaMigration Load (0.1ms)[0m  [1m[34mSELECT "schema_migrations"."version" FROM "schema_migrations" ORDER BY "schema_migrations"."version" ASC[0m
Processing by BooksController#index as */*
Completed 500 Internal Server Error in 15ms (ActiveRecord: 0.0ms (0 queries, 0 cached) | GC: 0.0ms)


  
ArgumentError (You need to supply at least one validation):
  
app/models/book.rb:3:in `<class:Book>'
app/models/book.rb:1:in `<main>'
app/controllers/books_controller.rb:3:in `index'
Started POST "/books" for ::1 at 2024-11-15 18:10:54 -0300
  
ArgumentError (You need to supply at least one validation):
  
app/models/book.rb:3:in `<class:Book>'
app/models/book.rb:1:in `<main>'
Started GET "/books" for ::1 at 2024-11-15 18:11:27 -0300
Processing by BooksController#index as */*
Completed 500 Internal Server Error in 10ms (ActiveRecord: 0.0ms (0 queries, 0 cached) | GC: 1.3ms)


  
ArgumentError (You need to supply at least one validation):
  
app/models/book.rb:3:in `<class:Book>'
app/models/book.rb:1:in `<main>'
app/controllers/books_controller.rb:3:in `index'
Started GET "/books" for ::1 at 2024-11-15 18:11:50 -0300
Processing by BooksController#index as */*
Completed 500 Internal Server Error in 2ms (ActiveRecord: 0.0ms (0 queries, 0 cached) | GC: 0.4ms)


  
ArgumentError (Unknown key: :numericability. Valid keys are: :on, :if, :unless, :prepend. Perhaps you meant to call `validates` instead of `validate`?):
  
app/models/book.rb:4:in `<class:Book>'
app/models/book.rb:1:in `<main>'
app/controllers/books_controller.rb:3:in `index'
Started GET "/books" for ::1 at 2024-11-15 18:12:44 -0300
Processing by BooksController#index as */*
Completed 500 Internal Server Error in 1ms (ActiveRecord: 0.0ms (0 queries, 0 cached) | GC: 0.0ms)


  
ArgumentError (Unknown key: :numericality. Valid keys are: :on, :if, :unless, :prepend. Perhaps you meant to call `validates` instead of `validate`?):
  
app/models/book.rb:4:in `<class:Book>'
app/models/book.rb:1:in `<main>'
app/controllers/books_controller.rb:3:in `index'
Started GET "/books" for ::1 at 2024-11-15 18:13:06 -0300
Processing by BooksController#index as */*
Completed 500 Internal Server Error in 2ms (ActiveRecord: 0.0ms (0 queries, 0 cached) | GC: 0.0ms)


  
ArgumentError (Unknown key: :numericality. Valid keys are: :on, :if, :unless, :prepend. Perhaps you meant to call `validates` instead of `validate`?):
  
app/models/book.rb:4:in `<class:Book>'
app/models/book.rb:1:in `<main>'
app/controllers/books_controller.rb:3:in `index'
Started GET "/books" for ::1 at 2024-11-15 18:13:23 -0300
Processing by BooksController#index as */*
  [1m[36mBook Load (0.7ms)[0m  [1m[34mSELECT "books".* FROM "books"[0m
  ↳ app/controllers/books_controller.rb:3:in `index'
Completed 200 OK in 11ms (Views: 2.1ms | ActiveRecord: 0.7ms (1 query, 0 cached) | GC: 0.0ms)


Started GET "/books" for ::1 at 2024-11-15 18:14:00 -0300
  [1m[36mActiveRecord::SchemaMigration Load (0.1ms)[0m  [1m[34mSELECT "schema_migrations"."version" FROM "schema_migrations" ORDER BY "schema_migrations"."version" ASC[0m
Processing by BooksController#index as */*
  [1m[36mBook Load (1.1ms)[0m  [1m[34mSELECT "books".* FROM "books"[0m
  ↳ app/controllers/books_controller.rb:3:in `index'
Completed 200 OK in 20ms (Views: 1.8ms | ActiveRecord: 1.1ms (1 query, 0 cached) | GC: 0.0ms)


Started GET "/books" for ::1 at 2024-11-15 18:14:19 -0300
Processing by BooksController#index as */*
  [1m[36mBook Load (0.6ms)[0m  [1m[34mSELECT "books".* FROM "books"[0m
  ↳ app/controllers/books_controller.rb:3:in `index'
Completed 200 OK in 4ms (Views: 1.4ms | ActiveRecord: 0.6ms (1 query, 0 cached) | GC: 0.0ms)


Started GET "/books" for ::1 at 2024-11-15 18:14:49 -0300
Processing by BooksController#index as */*
  [1m[36mBook Load (1.2ms)[0m  [1m[34mSELECT "books".* FROM "books"[0m
  ↳ app/controllers/books_controller.rb:3:in `index'
Completed 200 OK in 8ms (Views: 2.7ms | ActiveRecord: 1.2ms (1 query, 0 cached) | GC: 0.5ms)


Started GET "/books" for ::1 at 2024-11-15 18:14:50 -0300
Processing by BooksController#index as */*
  [1m[36mBook Load (0.1ms)[0m  [1m[34mSELECT "books".* FROM "books"[0m
  ↳ app/controllers/books_controller.rb:3:in `index'
Completed 200 OK in 2ms (Views: 1.4ms | ActiveRecord: 0.1ms (1 query, 0 cached) | GC: 0.6ms)


Started POST "/books" for ::1 at 2024-11-15 18:14:59 -0300
Processing by BooksController#create as */*
  Parameters: {"book"=>{"author"=>"John Doe"}}
Completed 400 Bad Request in 0ms (ActiveRecord: 0.0ms (0 queries, 0 cached) | GC: 0.0ms)


  
ActionController::ParameterMissing (param is missing or the value is empty: books):
  
app/controllers/books_controller.rb:22:in `book_params'
app/controllers/books_controller.rb:7:in `create'
Started POST "/books" for ::1 at 2024-11-15 18:15:21 -0300
Processing by BooksController#create as */*
  Parameters: {"book"=>{"author"=>"John Doe"}}
Completed 204 No Content in 18ms (ActiveRecord: 1.7ms (0 queries, 0 cached) | GC: 0.6ms)


Started GET "/books" for ::1 at 2024-11-15 18:16:05 -0300
Processing by BooksController#index as */*
  [1m[36mBook Load (0.9ms)[0m  [1m[34mSELECT "books".* FROM "books"[0m
  ↳ app/controllers/books_controller.rb:3:in `index'
Completed 200 OK in 6ms (Views: 2.6ms | ActiveRecord: 0.9ms (1 query, 0 cached) | GC: 0.1ms)


Started GET "/books" for ::1 at 2024-11-15 18:16:06 -0300
Processing by BooksController#index as */*
  [1m[36mBook Load (0.1ms)[0m  [1m[34mSELECT "books".* FROM "books"[0m
  ↳ app/controllers/books_controller.rb:3:in `index'
Completed 200 OK in 3ms (Views: 2.3ms | ActiveRecord: 0.1ms (1 query, 0 cached) | GC: 0.0ms)


Started POST "/books" for ::1 at 2024-11-15 18:16:13 -0300
Processing by BooksController#create as */*
  Parameters: {"book"=>{"author"=>"John Doe"}}
Completed 400 Bad Request in 9ms (Views: 0.2ms | ActiveRecord: 0.3ms (0 queries, 0 cached) | GC: 0.5ms)


Started POST "/books" for ::1 at 2024-11-15 18:17:38 -0300
Error occurred while parsing request parameters.
Contents:

{ "book": {
    "author": "John Doe",
    "title": "New book"
    "rating": 2,
    "publication_date": "2020-11-04"
}}
Processing by BooksController#create as */*
Completed 400 Bad Request in 0ms (ActiveRecord: 0.0ms (0 queries, 0 cached) | GC: 0.0ms)


  
ActionDispatch::Http::Parameters::ParseError (Error occurred while parsing request parameters):

Causes:
JSON::ParserError (unexpected token at '{ "book": {
    "author": "John ')
  
app/controllers/books_controller.rb:24:in `book_params'
app/controllers/books_controller.rb:7:in `create'
Started POST "/books" for ::1 at 2024-11-15 18:17:55 -0300
Processing by BooksController#create as */*
  Parameters: {"book"=>{"author"=>"John Doe", "title"=>"New book", "rating"=>2, "publication_date"=>"2020-11-04"}}
  [1m[36mTRANSACTION (0.1ms)[0m  [1m[36mbegin transaction[0m
  ↳ app/controllers/books_controller.rb:8:in `create'
  [1m[36mBook Create (1.3ms)[0m  [1m[32mINSERT INTO "books" ("title", "author", "publication_date", "rating", "status", "created_at", "updated_at") VALUES (?, ?, ?, ?, ?, ?, ?) RETURNING "id"[0m  [["title", "New book"], ["author", "John Doe"], ["publication_date", "2020-11-04"], ["rating", 2], ["status", 0], ["created_at", "2024-11-15 21:17:55.595788"], ["updated_at", "2024-11-15 21:17:55.595788"]]
  ↳ app/controllers/books_controller.rb:8:in `create'
  [1m[36mTRANSACTION (7.6ms)[0m  [1m[36mcommit transaction[0m
  ↳ app/controllers/books_controller.rb:8:in `create'
Completed 200 OK in 19ms (Views: 0.4ms | ActiveRecord: 9.7ms (1 query, 0 cached) | GC: 0.5ms)


Started GET "/books" for ::1 at 2024-11-15 18:17:59 -0300
Processing by BooksController#index as */*
  [1m[36mBook Load (0.2ms)[0m  [1m[34mSELECT "books".* FROM "books"[0m
  ↳ app/controllers/books_controller.rb:3:in `index'
Completed 200 OK in 3ms (Views: 2.0ms | ActiveRecord: 0.2ms (1 query, 0 cached) | GC: 0.0ms)


Started GET "/books/99" for ::1 at 2024-11-15 18:20:45 -0300
Processing by BooksController#show as */*
  Parameters: {"id"=>"99"}
  [1m[36mBook Load (0.2ms)[0m  [1m[34mSELECT "books".* FROM "books" WHERE "books"."id" = ? LIMIT ?[0m  [["id", 99], ["LIMIT", 1]]
  ↳ app/controllers/books_controller.rb:16:in `show'
Completed 200 OK in 13ms (Views: 0.3ms | ActiveRecord: 1.5ms (1 query, 0 cached) | GC: 0.0ms)


Started GET "/books/1" for ::1 at 2024-11-15 18:20:58 -0300
Processing by BooksController#show as */*
  Parameters: {"id"=>"1"}
  [1m[36mBook Load (0.1ms)[0m  [1m[34mSELECT "books".* FROM "books" WHERE "books"."id" = ? LIMIT ?[0m  [["id", 1], ["LIMIT", 1]]
  ↳ app/controllers/books_controller.rb:16:in `show'
Completed 200 OK in 3ms (Views: 0.5ms | ActiveRecord: 0.1ms (1 query, 0 cached) | GC: 0.0ms)


